<?xml version="1.0" encoding="UTF-8" ?>
<testsuite tests="6" failures="0" name="Steps.TestsRunner" time="98.141" errors="0" skipped="0">
  <properties>
[...]
</properties>
  <testcase classname="Login Functionality" name="Successfully log in with valid credentials" time="18.787"/>
  <testcase classname="Login Functionality" name="Successfully log out" time="29.495"/>
  <testcase classname="Login Functionality" name="Unsuccessfully log in with invalid credentials" time="15.342"/>
  <testcase classname="Login Functionality" name="Unsuccessfully log in with no name field filled" time="8.94"/>
  <testcase classname="Login Functionality" name="User receives a message regarding the requirement to write a text on field Password" time="9.64"/>
  <testcase classname="Login Functionality" name="System successfully remember users credentials" time="15.937"/>
</testsuite>